<?xml version="1.0" encoding="UTF-8"?>
<!-- Generated by org.testng.reporters.JUnitReportReporter -->
<testsuite hostname="DESKTOP-VC8FMVO" failures="0" tests="2" name="InvoiceTest1.IFFInvoiceTest1" time="246.481" errors="0" timestamp="2023-06-20T16:04:32 IST" skipped="1">
  <testcase classname="InvoiceTest1.IFFInvoiceTest1" name="data" time="246.481"/>
  <testcase classname="InvoiceTest1.IFFInvoiceTest1" name="docker">
    <skipped/>
  </testcase> <!-- docker -->
</testsuite> <!-- InvoiceTest1.IFFInvoiceTest1 -->
